<?xml version="1.0" encoding="utf-8" standalone="no"?>
<!--This file represents the results of running a test suite-->
<test-results name="C:\Documents and Settings\David\My Documents\Visual Studio 2008\Projects\GCKParser\UnitTests\UnitTests.csproj" total="5" errors="0" failures="0" not-run="0" ignored="0" skipped="0" invalid="0" date="2008-12-11" time="18:16:02">
  <environment nunit-version="2.5.0.8332" clr-version="2.0.50727.1433" os-version="Microsoft Windows NT 5.1.2600 Service Pack 3" platform="Win32NT" cwd="C:\Program Files\NUnit 2.5\bin\net-2.0" machine-name="TARDIS" user="David" user-domain="TARDIS" />
  <culture-info current-culture="en-US" current-uiculture="en-US" />
  <test-suite name="C:\Documents and Settings\David\My Documents\Visual Studio 2008\Projects\GCKParser\UnitTests\UnitTests.csproj" executed="True" success="True" time="0.125" asserts="0">
    <results>
      <test-suite name="C:\Documents and Settings\David\My Documents\Visual Studio 2008\Projects\GCKParser\UnitTests\bin\Debug\WaywardGamers.KParser.UnitTests.dll" executed="True" success="True" time="0.125" asserts="0">
        <results>
          <test-suite name="WaywardGamers" executed="True" success="True" time="0.125" asserts="0">
            <results>
              <test-suite name="KParser" executed="True" success="True" time="0.125" asserts="0">
                <results>
                  <test-suite name="TestChatLine" executed="True" success="True" time="0.109" asserts="0">
                    <results>
                      <test-case name="WaywardGamers.KParser.TestChatLine.TestConstruction1" executed="True" success="True" time="0.094" asserts="3" />
                      <test-case name="WaywardGamers.KParser.TestChatLine.TestConstruction2" executed="True" success="True" time="0.000" asserts="2" />
                      <test-case name="WaywardGamers.KParser.TestChatLine.TestTimestampNull" executed="True" success="True" time="0.000" asserts="1" />
                      <test-case name="WaywardGamers.KParser.TestChatLine.TestTimestampSet" executed="True" success="True" time="0.000" asserts="1" />
                    </results>
                  </test-suite>
                  <test-suite name="TestMessage" executed="True" success="True" time="0.016" asserts="0">
                    <results>
                      <test-case name="WaywardGamers.KParser.TestMessage.TestConstructor" executed="True" success="True" time="0.016" asserts="0" />
                    </results>
                  </test-suite>
                </results>
              </test-suite>
            </results>
          </test-suite>
        </results>
      </test-suite>
    </results>
  </test-suite>
</test-results>